<?xml version="1.0" encoding="UTF-8"?>
<coverage generated="1677493371">
  <project timestamp="1677493371">
    <file name="/app/src/Helpers/UCode.php">
      <class name="AlecRabbit\Helpers\UCode" namespace="global">
        <metrics complexity="27" methods="5" coveredmethods="5" conditionals="0" coveredconditionals="0" statements="42" coveredstatements="42" elements="47" coveredelements="47"/>
      </class>
      <line num="12" type="method" name="wcswidth" visibility="public" complexity="3" crap="3" count="10"/>
      <line num="14" type="stmt" count="10"/>
      <line num="15" type="stmt" count="10"/>
      <line num="16" type="stmt" count="10"/>
      <line num="17" type="stmt" count="10"/>
      <line num="18" type="stmt" count="10"/>
      <line num="19" type="stmt" count="10"/>
      <line num="20" type="stmt" count="10"/>
      <line num="21" type="stmt" count="10"/>
      <line num="22" type="stmt" count="10"/>
      <line num="23" type="stmt" count="10"/>
      <line num="24" type="stmt" count="1"/>
      <line num="26" type="stmt" count="9"/>
      <line num="28" type="stmt" count="9"/>
      <line num="35" type="method" name="wcwidth" visibility="public" complexity="6" crap="6" count="10"/>
      <line num="37" type="stmt" count="10"/>
      <line num="39" type="stmt" count="10"/>
      <line num="40" type="stmt" count="1"/>
      <line num="44" type="stmt" count="10"/>
      <line num="45" type="stmt" count="1"/>
      <line num="49" type="stmt" count="10"/>
      <line num="50" type="stmt" count="3"/>
      <line num="53" type="stmt" count="10"/>
      <line num="60" type="method" name="split" visibility="protected" complexity="2" crap="2" count="10"/>
      <line num="62" type="stmt" count="10"/>
      <line num="69" type="stmt" count="10"/>
      <line num="77" type="method" name="bisearch" visibility="protected" complexity="6" crap="6" count="10"/>
      <line num="79" type="stmt" count="10"/>
      <line num="80" type="stmt" count="10"/>
      <line num="82" type="stmt" count="10"/>
      <line num="83" type="stmt" count="8"/>
      <line num="85" type="stmt" count="8"/>
      <line num="86" type="stmt" count="8"/>
      <line num="87" type="stmt" count="8"/>
      <line num="88" type="stmt" count="6"/>
      <line num="89" type="stmt" count="8"/>
      <line num="90" type="stmt" count="8"/>
      <line num="92" type="stmt" count="7"/>
      <line num="95" type="stmt" count="6"/>
      <line num="102" type="method" name="isB" visibility="protected" complexity="10" crap="10" count="10"/>
      <line num="104" type="stmt" count="10"/>
      <line num="105" type="stmt" count="10"/>
      <line num="106" type="stmt" count="10"/>
      <line num="107" type="stmt" count="10"/>
      <line num="108" type="stmt" count="10"/>
      <line num="109" type="stmt" count="10"/>
      <line num="110" type="stmt" count="10"/>
      <metrics loc="113" ncloc="85" classes="1" methods="5" coveredmethods="5" conditionals="0" coveredconditionals="0" statements="42" coveredstatements="42" elements="47" coveredelements="47"/>
    </file>
    <file name="/app/src/bootstrap.php">
      <line num="18" type="stmt" count="9"/>
      <line num="30" type="stmt" count="11"/>
      <line num="31" type="stmt" count="1"/>
      <line num="33" type="stmt" count="10"/>
      <metrics loc="36" ncloc="27" classes="0" methods="0" coveredmethods="0" conditionals="0" coveredconditionals="0" statements="4" coveredstatements="4" elements="4" coveredelements="4"/>
    </file>
    <file name="/app/src/tables.php">
      <metrics loc="492" ncloc="22" classes="0" methods="0" coveredmethods="0" conditionals="0" coveredconditionals="0" statements="0" coveredstatements="0" elements="0" coveredelements="0"/>
    </file>
    <metrics files="3" loc="641" ncloc="134" classes="1" methods="5" coveredmethods="5" conditionals="0" coveredconditionals="0" statements="46" coveredstatements="46" elements="51" coveredelements="51"/>
  </project>
</coverage>
